
// ==========================================================================
//  GPPG error listing for yacc source file <SimpleYacc.y>
// ==========================================================================
//  Version:  1.3.6
//  Machine:  DESKTOP-S89N5Q8
//  DateTime: 24.10.2021 17:45:14
//  UserName: Галушко Дмитрий
// ==========================================================================


%{
// Ýòè îáúÿâëåíèÿ äîáàâëÿþòñÿ â êëàññ GPPGParser, ïðåäñòàâëÿþùèé ñîáîé ïàðñåð, ãåíåðèðóåìûé ñèñòåìîé gppg
    public Parser(AbstractScanner<int, LexLocation> scanner) : base(scanner) { }
%}

%output = SimpleYacc.cs

%namespace SimpleParser

%token BEGIN END CYCLE INUM RNUM ID ASSIGN SEMICOLON WHILE DO REPEAT UNTIL FOR TO IF THEN ELSE WRITE LEFTBRACKET RIGHTBRACKET VAR COMMA

%%
// Warning: NonTerminal symbol "var" is unreachable
// ------------------------------------------------

progr   : block
		;

stlist	: statement 
		| stlist SEMICOLON statement 
		;

statement: assign
		| block  
		| cycle
		| while
		| repeat
		| for
		| if
		| write
		;

ident 	: ID 
		;
	
assign 	: ident ASSIGN expr 
		;

expr	: ident  
		| INUM 
		;

block	: BEGIN stlist END 
		;

cycle	: CYCLE expr statement 
		;

while	: WHILE expr DO statement 
		;

repeat	: REPEAT stlist UNTIL expr
		;

for		: FOR assign TO expr DO statement
		;

if		: IF expr THEN statement ELSE statement
		;

write	: WRITE LEFTBRACKET expr RIGHTBRACKET
		;

var		: VAR ident COMMA ident COMMA ident
		;
%%
// ==========================================================================

